# JRE version: OpenJDK Runtime Environment (8.0_111-b14) (build 1.8.0_111-8u111-b14-2ubuntu0.16.04.2-b14)
# Java VM: OpenJDK 64-Bit Server VM (25.111-b14 mixed mode linux-amd64 compressed oops)
Heap:
 PSYoungGen      total 335360K, used 61414K [0x00000000e0000000, 0x00000000fa280000, 0x0000000100000000)
  eden space 273920K, 0% used [0x00000000e0000000,0x00000000e0000000,0x00000000f0b80000)
  from space 61440K, 99% used [0x00000000f0b80000,0x00000000f4779b78,0x00000000f4780000)
  to   space 45568K, 0% used [0x00000000f4780000,0x00000000f4780000,0x00000000f7400000)
 ParOldGen       total 189440K, used 139216K [0x00000000a0000000, 0x00000000ab900000, 0x00000000e0000000)
  object space 189440K, 73% used [0x00000000a0000000,0x00000000a87f42d0,0x00000000ab900000)
 Metaspace       used 80159K, capacity 84810K, committed 87168K, reserved 1124352K
  class space    used 10261K, capacity 11093K, committed 11648K, reserved 1048576K
GC Heap History (10 events):
Event: 2687.616 GC heap after
Heap after GC invocations=39 (full 6):
 PSYoungGen      total 266240K, used 15355K [0x00000000e0000000, 0x00000000f3300000, 0x0000000100000000)
  eden space 238592K, 0% used [0x00000000e0000000,0x00000000e0000000,0x00000000ee900000)
  from space 27648K, 55% used [0x00000000ee900000,0x00000000ef7fed40,0x00000000f0400000)
  to   space 26624K, 0% used [0x00000000f1900000,0x00000000f1900000,0x00000000f3300000)
 ParOldGen       total 88064K, used 66103K [0x00000000a0000000, 0x00000000a5600000, 0x00000000e0000000)
  object space 88064K, 75% used [0x00000000a0000000,0x00000000a408dc28,0x00000000a5600000)
 Metaspace       used 79085K, capacity 84418K, committed 84608K, reserved 1122304K
  class space    used 10332K, capacity 11329K, committed 11392K, reserved 1048576K
}
Event: 2690.877 GC heap before
{Heap before GC invocations=40 (full 6):
 PSYoungGen      total 266240K, used 253947K [0x00000000e0000000, 0x00000000f3300000, 0x0000000100000000)
  eden space 238592K, 100% used [0x00000000e0000000,0x00000000ee900000,0x00000000ee900000)
  from space 27648K, 55% used [0x00000000ee900000,0x00000000ef7fed40,0x00000000f0400000)
  to   space 26624K, 0% used [0x00000000f1900000,0x00000000f1900000,0x00000000f3300000)
 ParOldGen       total 88064K, used 66103K [0x00000000a0000000, 0x00000000a5600000, 0x00000000e0000000)
  object space 88064K, 75% used [0x00000000a0000000,0x00000000a408dc28,0x00000000a5600000)
 Metaspace       used 81420K, capacity 86782K, committed 87168K, reserved 1124352K
  class space    used 10571K, capacity 11561K, committed 11648K, reserved 1048576K
Event: 2690.996 GC heap after
Heap after GC invocations=40 (full 6):
 PSYoungGen      total 276480K, used 26611K [0x00000000e0000000, 0x00000000f4f00000, 0x0000000100000000)
  eden space 249856K, 0% used [0x00000000e0000000,0x00000000e0000000,0x00000000ef400000)
  from space 26624K, 99% used [0x00000000f1900000,0x00000000f32fcc88,0x00000000f3300000)
  to   space 37888K, 0% used [0x00000000ef400000,0x00000000ef400000,0x00000000f1900000)
 ParOldGen       total 90112K, used 88243K [0x00000000a0000000, 0x00000000a5800000, 0x00000000e0000000)
  object space 90112K, 97% used [0x00000000a0000000,0x00000000a562ce00,0x00000000a5800000)
 Metaspace       used 81420K, capacity 86782K, committed 87168K, reserved 1124352K
  class space    used 10571K, capacity 11561K, committed 11648K, reserved 1048576K
}
Event: 2690.997 GC heap before
{Heap before GC invocations=41 (full 7):
 PSYoungGen      total 276480K, used 26611K [0x00000000e0000000, 0x00000000f4f00000, 0x0000000100000000)
  eden space 249856K, 0% used [0x00000000e0000000,0x00000000e0000000,0x00000000ef400000)
  from space 26624K, 99% used [0x00000000f1900000,0x00000000f32fcc88,0x00000000f3300000)
  to   space 37888K, 0% used [0x00000000ef400000,0x00000000ef400000,0x00000000f1900000)
 ParOldGen       total 90112K, used 88243K [0x00000000a0000000, 0x00000000a5800000, 0x00000000e0000000)
  object space 90112K, 97% used [0x00000000a0000000,0x00000000a562ce00,0x00000000a5800000)
 Metaspace       used 81420K, capacity 86782K, committed 87168K, reserved 1124352K
  class space    used 10571K, capacity 11561K, committed 11648K, reserved 1048576K
Event: 2692.080 GC heap after
Heap after GC invocations=41 (full 7):
 PSYoungGen      total 276480K, used 13727K [0x00000000e0000000, 0x00000000f4f00000, 0x0000000100000000)
  eden space 249856K, 0% used [0x00000000e0000000,0x00000000e0000000,0x00000000ef400000)
  from space 26624K, 51% used [0x00000000f1900000,0x00000000f2667d10,0x00000000f3300000)
  to   space 37888K, 0% used [0x00000000ef400000,0x00000000ef400000,0x00000000f1900000)
 ParOldGen       total 189440K, used 89773K [0x00000000a0000000, 0x00000000ab900000, 0x00000000e0000000)
  object space 189440K, 47% used [0x00000000a0000000,0x00000000a57ab418,0x00000000ab900000)
 Metaspace       used 79694K, capacity 84426K, committed 87168K, reserved 1124352K
  class space    used 10257K, capacity 11093K, committed 11648K, reserved 1048576K
}
Event: 2695.037 GC heap before
{Heap before GC invocations=42 (full 7):
 PSYoungGen      total 276480K, used 263583K [0x00000000e0000000, 0x00000000f4f00000, 0x0000000100000000)
  eden space 249856K, 100% used [0x00000000e0000000,0x00000000ef400000,0x00000000ef400000)
  from space 26624K, 51% used [0x00000000f1900000,0x00000000f2667d10,0x00000000f3300000)
  to   space 37888K, 0% used [0x00000000ef400000,0x00000000ef400000,0x00000000f1900000)
 ParOldGen       total 189440K, used 89773K [0x00000000a0000000, 0x00000000ab900000, 0x00000000e0000000)
  object space 189440K, 47% used [0x00000000a0000000,0x00000000a57ab418,0x00000000ab900000)
 Metaspace       used 80003K, capacity 84682K, committed 87168K, reserved 1124352K
  class space    used 10261K, capacity 11093K, committed 11648K, reserved 1048576K
Event: 2695.176 GC heap after
Heap after GC invocations=42 (full 7):
 PSYoungGen      total 287744K, used 37871K [0x00000000e0000000, 0x00000000f7400000, 0x0000000100000000)
  eden space 249856K, 0% used [0x00000000e0000000,0x00000000e0000000,0x00000000ef400000)
  from space 37888K, 99% used [0x00000000ef400000,0x00000000f18fbf28,0x00000000f1900000)
  to   space 45568K, 0% used [0x00000000f4780000,0x00000000f4780000,0x00000000f7400000)
 ParOldGen       total 189440K, used 95688K [0x00000000a0000000, 0x00000000ab900000, 0x00000000e0000000)
  object space 189440K, 50% used [0x00000000a0000000,0x00000000a5d72218,0x00000000ab900000)
 Metaspace       used 80003K, capacity 84682K, committed 87168K, reserved 1124352K
  class space    used 10261K, capacity 11093K, committed 11648K, reserved 1048576K
}
Event: 2696.641 GC heap before
{Heap before GC invocations=43 (full 7):
 PSYoungGen      total 287744K, used 287727K [0x00000000e0000000, 0x00000000f7400000, 0x0000000100000000)
  eden space 249856K, 100% used [0x00000000e0000000,0x00000000ef400000,0x00000000ef400000)
  from space 37888K, 99% used [0x00000000ef400000,0x00000000f18fbf28,0x00000000f1900000)
  to   space 45568K, 0% used [0x00000000f4780000,0x00000000f4780000,0x00000000f7400000)
 ParOldGen       total 189440K, used 95688K [0x00000000a0000000, 0x00000000ab900000, 0x00000000e0000000)
  object space 189440K, 50% used [0x00000000a0000000,0x00000000a5d72218,0x00000000ab900000)
 Metaspace       used 80055K, capacity 84746K, committed 87168K, reserved 1124352K
  class space    used 10261K, capacity 11093K, committed 11648K, reserved 1048576K
Event: 2696.924 GC heap after
Heap after GC invocations=43 (full 7):
 PSYoungGen      total 319488K, used 45561K [0x00000000e0000000, 0x00000000fa280000, 0x0000000100000000)
  eden space 273920K, 0% used [0x00000000e0000000,0x00000000e0000000,0x00000000f0b80000)
  from space 45568K, 99% used [0x00000000f4780000,0x00000000f73fe430,0x00000000f7400000)
  to   space 61440K, 0% used [0x00000000f0b80000,0x00000000f0b80000,0x00000000f4780000)
 ParOldGen       total 189440K, used 120248K [0x00000000a0000000, 0x00000000ab900000, 0x00000000e0000000)
  object space 189440K, 63% used [0x00000000a0000000,0x00000000a756e068,0x00000000ab900000)
 Metaspace       used 80055K, capacity 84746K, committed 87168K, reserved 1124352K
  class space    used 10261K, capacity 11093K, committed 11648K, reserved 1048576K
}
Event: 2698.539 GC heap before
{Heap before GC invocations=44 (full 7):
 PSYoungGen      total 319488K, used 319481K [0x00000000e0000000, 0x00000000fa280000, 0x0000000100000000)
  eden space 273920K, 100% used [0x00000000e0000000,0x00000000f0b80000,0x00000000f0b80000)
  from space 45568K, 99% used [0x00000000f4780000,0x00000000f73fe430,0x00000000f7400000)
  to   space 61440K, 0% used [0x00000000f0b80000,0x00000000f0b80000,0x00000000f4780000)
 ParOldGen       total 189440K, used 120248K [0x00000000a0000000, 0x00000000ab900000, 0x00000000e0000000)
  object space 189440K, 63% used [0x00000000a0000000,0x00000000a756e068,0x00000000ab900000)
 Metaspace       used 80159K, capacity 84810K, committed 87168K, reserved 1124352K
  class space    used 10261K, capacity 11093K, committed 11648K, reserved 1048576K

